{"/Users/bohe/dev/jest-test/test/utils.ts": {"path":"/Users/bohe/dev/jest-test/test/utils.ts","all":false,"statementMap":{"0":{"start":{"line":1,"column":0},"end":{"line":1,"column":16}},"1":{"start":{"line":2,"column":0},"end":{"line":2,"column":27}},"2":{"start":{"line":3,"column":0},"end":{"line":3,"column":48}},"3":{"start":{"line":4,"column":0},"end":{"line":4,"column":2}}},"s":{"0":1,"1":1,"2":1,"3":1},"branchMap":{"0":{"type":"branch","line":2,"loc":{"start":{"line":2,"column":13},"end":{"line":2,"column":27}},"locations":[{"start":{"line":2,"column":13},"end":{"line":2,"column":27}}]}},"b":{"0":[2]},"fnMap":{"0":{"name":"authorize","decl":{"start":{"line":2,"column":13},"end":{"line":2,"column":27}},"loc":{"start":{"line":2,"column":13},"end":{"line":2,"column":27}},"line":2},"1":{"name":"isAuthorized","decl":{"start":{"line":3,"column":17},"end":{"line":3,"column":48}},"loc":{"start":{"line":3,"column":17},"end":{"line":3,"column":48}},"line":3}},"f":{"0":2,"1":0}}
}
